<?xml version="1.0" encoding="UTF-8"?>
<!-- Generated by org.testng.reporters.JUnitXMLReporter -->
<testsuite hostname="in-suhailma-1" ignored="0" name="Test" tests="4" failures="0" timestamp="18 May 2018 09:35:19 GMT" time="138.11" errors="0">
  <testcase name="TestCreateINC" time="20.008" classname="com.snow.tests.createINCtest"/>
  <testcase name="TestPassRes" time="25.561" classname="com.snow.tests.PasswordResetTest"/>
  <testcase name="testvalidloginlogout" time="7.209" classname="com.snow.tests.validloginlogouttest"/>
  <testcase name="testvalidlogin" time="0.838" classname="com.snow.tests.validlogintest"/>
</testsuite> <!-- Test -->
