<?xml version="1.0" encoding="UTF-8"?>
<testng-results skipped="0" failed="0" ignored="0" total="1" passed="1">
  <reporter-output>
    <line>
      <![CDATA[Title is matching- (Service Portal - Service Portal)]]>
    </line>
    <line>
      <![CDATA[Title is matching- (Service Portal - Service Portal)]]>
    </line>
    <line>
      <![CDATA[Title is matching- (Service Portal - Service Portal)]]>
    </line>
  </reporter-output>
  <suite name="Default suite" duration-ms="25812" started-at="2018-05-24T16:17:14Z" finished-at="2018-05-24T16:17:40Z">
    <groups>
    </groups>
    <test name="Default test" duration-ms="25812" started-at="2018-05-24T16:17:14Z" finished-at="2018-05-24T16:17:40Z">
      <class name="com.snow.tests.validloginlogouttest">
        <test-method status="PASS" signature="preCondition()[pri:0, instance:com.snow.tests.validloginlogouttest@c038203]" name="preCondition" is-config="true" duration-ms="17842" started-at="2018-05-24T21:47:14Z" finished-at="2018-05-24T21:47:32Z">
          <reporter-output>
          </reporter-output>
        </test-method> <!-- preCondition -->
        <test-method status="PASS" signature="testvalidloginlogout()[pri:0, instance:com.snow.tests.validloginlogouttest@c038203]" name="testvalidloginlogout" duration-ms="7795" started-at="2018-05-24T21:47:32Z" finished-at="2018-05-24T21:47:39Z">
          <reporter-output>
            <line>
              <![CDATA[Title is matching- (Service Portal - Service Portal)]]>
            </line>
            <line>
              <![CDATA[Title is matching- (Service Portal - Service Portal)]]>
            </line>
            <line>
              <![CDATA[Title is matching- (Service Portal - Service Portal)]]>
            </line>
          </reporter-output>
        </test-method> <!-- testvalidloginlogout -->
        <test-method status="PASS" signature="postCondition()[pri:0, instance:com.snow.tests.validloginlogouttest@c038203]" name="postCondition" is-config="true" duration-ms="148" started-at="2018-05-24T21:47:39Z" finished-at="2018-05-24T21:47:40Z">
          <reporter-output>
          </reporter-output>
        </test-method> <!-- postCondition -->
      </class> <!-- com.snow.tests.validloginlogouttest -->
    </test> <!-- Default test -->
  </suite> <!-- Default suite -->
</testng-results>
